<?xml version="1.0" encoding="UTF-8"?>
<testsuite xmlns:xsi="http://www.w3.org/2001/XMLSchema-instance" xsi:noNamespaceSchemaLocation="https://maven.apache.org/surefire/maven-surefire-plugin/xsd/surefire-test-report-3.0.xsd" version="3.0" name="com.mycompany.calculadora.CalculadoraTest" time="0.037" tests="3" errors="0" skipped="0" failures="0">
  <properties>
[...]
</properties>
  <testcase name="testSumaPositivos" classname="com.mycompany.calculadora.CalculadoraTest" time="0.023"/>
  <testcase name="testSumaCeroYPositivo" classname="com.mycompany.calculadora.CalculadoraTest" time="0.0"/>
  <testcase name="testSumaNegativos" classname="com.mycompany.calculadora.CalculadoraTest" time="0.001"/>
</testsuite>